        -:    0:Source:dominion.c
        -:    0:Graph:dominion.gcno
        -:    0:Data:dominion.gcda
        -:    0:Runs:1
        -:    0:Programs:1
        -:    1:#include "dominion.h"
        -:    2:#include "dominion_helpers.h"
        -:    3:#include "rngs.h"
        -:    4:#include <stdio.h>
        -:    5:#include <math.h>
        -:    6:#include <stdlib.h>
        -:    7:
function compare called 294 returned 100% blocks executed 83%
      294:    8:int compare(const void* a, const void* b) {
      294:    9:    if (*(int*)a > *(int*)b)
branch  0 taken 0% (fallthrough)
branch  1 taken 100%
    #####:   10:        return 1;
      294:   11:    if (*(int*)a < *(int*)b)
branch  0 taken 24% (fallthrough)
branch  1 taken 76%
       70:   12:        return -1;
      224:   13:    return 0;
        -:   14:}
        -:   15:
function newGame called 0 returned 0% blocks executed 0%
    #####:   16:struct gameState* newGame() {
    #####:   17:    struct gameState* g = malloc(sizeof(struct gameState));
    #####:   18:    return g;
        -:   19:}
        -:   20:
function kingdomCards called 0 returned 0% blocks executed 0%
    #####:   21:int* kingdomCards(int k1, int k2, int k3, int k4, int k5, int k6, int k7,
        -:   22:                  int k8, int k9, int k10) {
    #####:   23:    int* k = malloc(10 * sizeof(int));
    #####:   24:    k[0] = k1;
    #####:   25:    k[1] = k2;
    #####:   26:    k[2] = k3;
    #####:   27:    k[3] = k4;
    #####:   28:    k[4] = k5;
    #####:   29:    k[5] = k6;
    #####:   30:    k[6] = k7;
    #####:   31:    k[7] = k8;
    #####:   32:    k[8] = k9;
    #####:   33:    k[9] = k10;
    #####:   34:    return k;
        -:   35:}
        -:   36:
function initializeGame called 7 returned 100% blocks executed 88%
        7:   37:int initializeGame(int numPlayers, int kingdomCards[10], int randomSeed,
        -:   38:                   struct gameState *state) {
        -:   39:    int i;
        -:   40:    int j;
        -:   41:    int it;
        -:   42:
        -:   43:    //set up random number generator
        7:   44:    SelectStream(1);
call    0 returned 100%
        7:   45:    PutSeed((long)randomSeed);
call    0 returned 100%
        -:   46:
        -:   47:    //check number of players
        7:   48:    if (numPlayers > MAX_PLAYERS || numPlayers < 2)
branch  0 taken 100% (fallthrough)
branch  1 taken 0%
branch  2 taken 0% (fallthrough)
branch  3 taken 100%
        -:   49:    {
    #####:   50:        return -1;
        -:   51:    }
        -:   52:
        -:   53:    //set number of players
        7:   54:    state->numPlayers = numPlayers;
        -:   55:
        -:   56:    //check selected kingdom cards are different
       77:   57:    for (i = 0; i < 10; i++)
branch  0 taken 91%
branch  1 taken 9% (fallthrough)
        -:   58:    {
      770:   59:        for (j = 0; j < 10; j++)
branch  0 taken 91%
branch  1 taken 9% (fallthrough)
        -:   60:        {
      700:   61:            if (j != i && kingdomCards[j] == kingdomCards[i])
branch  0 taken 90% (fallthrough)
branch  1 taken 10%
branch  2 taken 0% (fallthrough)
branch  3 taken 100%
        -:   62:            {
    #####:   63:                return -1;
        -:   64:            }
        -:   65:        }
        -:   66:    }
        -:   67:
        -:   68:
        -:   69:    //initialize supply
        -:   70:    ///////////////////////////////
        -:   71:
        -:   72:    //set number of Curse cards
        7:   73:    if (numPlayers == 2)
branch  0 taken 100% (fallthrough)
branch  1 taken 0%
        -:   74:    {
        7:   75:        state->supplyCount[curse] = 10;
        -:   76:    }
    #####:   77:    else if (numPlayers == 3)
branch  0 never executed
branch  1 never executed
        -:   78:    {
    #####:   79:        state->supplyCount[curse] = 20;
        -:   80:    }
        -:   81:    else
        -:   82:    {
    #####:   83:        state->supplyCount[curse] = 30;
        -:   84:    }
        -:   85:
        -:   86:    //set number of Victory cards
        7:   87:    if (numPlayers == 2)
branch  0 taken 100% (fallthrough)
branch  1 taken 0%
        -:   88:    {
        7:   89:        state->supplyCount[estate] = 8;
        7:   90:        state->supplyCount[duchy] = 8;
        7:   91:        state->supplyCount[province] = 8;
        -:   92:    }
        -:   93:    else
        -:   94:    {
    #####:   95:        state->supplyCount[estate] = 12;
    #####:   96:        state->supplyCount[duchy] = 12;
    #####:   97:        state->supplyCount[province] = 12;
        -:   98:    }
        -:   99:
        -:  100:    //set number of Treasure cards
        7:  101:    state->supplyCount[copper] = 60 - (7 * numPlayers);
        7:  102:    state->supplyCount[silver] = 40;
        7:  103:    state->supplyCount[gold] = 30;
        -:  104:
        -:  105:    //set number of Kingdom cards
      147:  106:    for (i = adventurer; i <= treasure_map; i++)       	//loop all cards
branch  0 taken 95%
branch  1 taken 5% (fallthrough)
        -:  107:    {
     1155:  108:        for (j = 0; j < 10; j++)           		//loop chosen cards
branch  0 taken 94%
branch  1 taken 6% (fallthrough)
        -:  109:        {
     1085:  110:            if (kingdomCards[j] == i)
branch  0 taken 6% (fallthrough)
branch  1 taken 94%
        -:  111:            {
        -:  112:                //check if card is a 'Victory' Kingdom card
       70:  113:                if (kingdomCards[j] == great_hall || kingdomCards[j] == gardens)
branch  0 taken 90% (fallthrough)
branch  1 taken 10%
branch  2 taken 11% (fallthrough)
branch  3 taken 89%
        -:  114:                {
       28:  115:                    if (numPlayers == 2) {
branch  0 taken 100% (fallthrough)
branch  1 taken 0%
       14:  116:                        state->supplyCount[i] = 8;
        -:  117:                    }
        -:  118:                    else {
    #####:  119:                        state->supplyCount[i] = 12;
        -:  120:                    }
        -:  121:                }
        -:  122:                else
        -:  123:                {
       56:  124:                    state->supplyCount[i] = 10;
        -:  125:                }
       70:  126:                break;
        -:  127:            }
        -:  128:            else    //card is not in the set choosen for the game
        -:  129:            {
     1015:  130:                state->supplyCount[i] = -1;
        -:  131:            }
        -:  132:        }
        -:  133:
        -:  134:    }
        -:  135:
        -:  136:    ////////////////////////
        -:  137:    //supply intilization complete
        -:  138:
        -:  139:    //set player decks
       21:  140:    for (i = 0; i < numPlayers; i++)
branch  0 taken 67%
branch  1 taken 33% (fallthrough)
        -:  141:    {
       14:  142:        state->deckCount[i] = 0;
       56:  143:        for (j = 0; j < 3; j++)
branch  0 taken 75%
branch  1 taken 25% (fallthrough)
        -:  144:        {
       42:  145:            state->deck[i][j] = estate;
       42:  146:            state->deckCount[i]++;
        -:  147:        }
      112:  148:        for (j = 3; j < 10; j++)
branch  0 taken 88%
branch  1 taken 13% (fallthrough)
        -:  149:        {
       98:  150:            state->deck[i][j] = copper;
       98:  151:            state->deckCount[i]++;
        -:  152:        }
        -:  153:    }
        -:  154:
        -:  155:    //shuffle player decks
       21:  156:    for (i = 0; i < numPlayers; i++)
branch  0 taken 67%
branch  1 taken 33% (fallthrough)
        -:  157:    {
       14:  158:        if ( shuffle(i, state) < 0 )
call    0 returned 100%
branch  1 taken 0% (fallthrough)
branch  2 taken 100%
        -:  159:        {
    #####:  160:            return -1;
        -:  161:        }
        -:  162:    }
        -:  163:
        -:  164:    //draw player hands
       21:  165:    for (i = 0; i < numPlayers; i++)
branch  0 taken 67%
branch  1 taken 33% (fallthrough)
        -:  166:    {
        -:  167:        //initialize hand size to zero
       14:  168:        state->handCount[i] = 0;
       14:  169:        state->discardCount[i] = 0;
        -:  170:        //draw 5 cards
        -:  171:        // for (j = 0; j < 5; j++)
        -:  172:        //	{
        -:  173:        //	  drawCard(i, state);
        -:  174:        //	}
        -:  175:    }
        -:  176:
        -:  177:    //set embargo tokens to 0 for all supply piles
      196:  178:    for (i = 0; i <= treasure_map; i++)
branch  0 taken 96%
branch  1 taken 4% (fallthrough)
        -:  179:    {
      189:  180:        state->embargoTokens[i] = 0;
        -:  181:    }
        -:  182:
        -:  183:    //initialize first player's turn
        7:  184:    state->outpostPlayed = 0;
        7:  185:    state->phase = 0;
        7:  186:    state->numActions = 1;
        7:  187:    state->numBuys = 1;
        7:  188:    state->playedCardCount = 0;
        7:  189:    state->whoseTurn = 0;
        7:  190:    state->handCount[state->whoseTurn] = 0;
        -:  191:    //int it; move to top
        -:  192:
        -:  193:    //Moved draw cards to here, only drawing at the start of a turn
       42:  194:    for (it = 0; it < 5; it++) {
branch  0 taken 83%
branch  1 taken 17% (fallthrough)
       35:  195:        drawCard(state->whoseTurn, state);
call    0 returned 100%
        -:  196:    }
        -:  197:
        7:  198:    updateCoins(state->whoseTurn, state, 0);
call    0 returned 100%
        -:  199:
        7:  200:    return 0;
        -:  201:}
        -:  202:
function shuffle called 15 returned 100% blocks executed 94%
       15:  203:int shuffle(int player, struct gameState *state) {
        -:  204:
        -:  205:
        -:  206:    int newDeck[MAX_DECK];
       15:  207:    int newDeckPos = 0;
        -:  208:    int card;
        -:  209:    int i;
        -:  210:
       15:  211:    if (state->deckCount[player] < 1)
branch  0 taken 0% (fallthrough)
branch  1 taken 100%
    #####:  212:        return -1;
       15:  213:    qsort ((void*)(state->deck[player]), state->deckCount[player], sizeof(int), compare);
call    0 returned 100%
        -:  214:    /* SORT CARDS IN DECK TO ENSURE DETERMINISM! */
        -:  215:
      171:  216:    while (state->deckCount[player] > 0) {
branch  0 taken 90%
branch  1 taken 10% (fallthrough)
      141:  217:        card = floor(Random() * state->deckCount[player]);
call    0 returned 100%
      141:  218:        newDeck[newDeckPos] = state->deck[player][card];
      141:  219:        newDeckPos++;
      533:  220:        for (i = card; i < state->deckCount[player]-1; i++) {
branch  0 taken 74%
branch  1 taken 26% (fallthrough)
      392:  221:            state->deck[player][i] = state->deck[player][i+1];
        -:  222:        }
      141:  223:        state->deckCount[player]--;
        -:  224:    }
      156:  225:    for (i = 0; i < newDeckPos; i++) {
branch  0 taken 90%
branch  1 taken 10% (fallthrough)
      141:  226:        state->deck[player][i] = newDeck[i];
      141:  227:        state->deckCount[player]++;
        -:  228:    }
        -:  229:
       15:  230:    return 0;
        -:  231:}
        -:  232:
function playCard called 0 returned 0% blocks executed 0%
    #####:  233:int playCard(int handPos, int choice1, int choice2, int choice3, struct gameState *state)
        -:  234:{
        -:  235:    int card;
    #####:  236:    int coin_bonus = 0; 		//tracks coins gain from actions
        -:  237:
        -:  238:    //check if it is the right phase
    #####:  239:    if (state->phase != 0)
branch  0 never executed
branch  1 never executed
        -:  240:    {
    #####:  241:        return -1;
        -:  242:    }
        -:  243:
        -:  244:    //check if player has enough actions
    #####:  245:    if ( state->numActions < 1 )
branch  0 never executed
branch  1 never executed
        -:  246:    {
    #####:  247:        return -1;
        -:  248:    }
        -:  249:
        -:  250:    //get card played
    #####:  251:    card = handCard(handPos, state);
call    0 never executed
        -:  252:
        -:  253:    //check if selected card is an action
    #####:  254:    if ( card < adventurer || card > treasure_map )
branch  0 never executed
branch  1 never executed
branch  2 never executed
branch  3 never executed
        -:  255:    {
    #####:  256:        return -1;
        -:  257:    }
        -:  258:
        -:  259:    //play card
    #####:  260:    if ( cardEffect(card, choice1, choice2, choice3, state, handPos, &coin_bonus) < 0 )
call    0 never executed
branch  1 never executed
branch  2 never executed
        -:  261:    {
    #####:  262:        return -1;
        -:  263:    }
        -:  264:
        -:  265:    //reduce number of actions
    #####:  266:    state->numActions--;
        -:  267:
        -:  268:    //update coins (Treasure cards may be added with card draws)
    #####:  269:    updateCoins(state->whoseTurn, state, coin_bonus);
call    0 never executed
        -:  270:
    #####:  271:    return 0;
        -:  272:}
        -:  273:
function buyCard called 0 returned 0% blocks executed 0%
    #####:  274:int buyCard(int supplyPos, struct gameState *state) {
        -:  275:    int who;
        -:  276:    if (DEBUG) {
    #####:  277:        printf("Entering buyCard...\n");
call    0 never executed
        -:  278:    }
        -:  279:
        -:  280:    // I don't know what to do about the phase thing.
        -:  281:
    #####:  282:    who = state->whoseTurn;
        -:  283:
    #####:  284:    if (state->numBuys < 1) {
branch  0 never executed
branch  1 never executed
        -:  285:        if (DEBUG)
    #####:  286:            printf("You do not have any buys left\n");
call    0 never executed
    #####:  287:        return -1;
    #####:  288:    } else if (supplyCount(supplyPos, state) <1) {
call    0 never executed
branch  1 never executed
branch  2 never executed
        -:  289:        if (DEBUG)
    #####:  290:            printf("There are not any of that type of card left\n");
call    0 never executed
    #####:  291:        return -1;
    #####:  292:    } else if (state->coins < getCost(supplyPos)) {
call    0 never executed
branch  1 never executed
branch  2 never executed
        -:  293:        if (DEBUG)
    #####:  294:            printf("You do not have enough money to buy that. You have %d coins.\n", state->coins);
call    0 never executed
    #####:  295:        return -1;
        -:  296:    } else {
    #####:  297:        state->phase=1;
        -:  298:        //state->supplyCount[supplyPos]--;
    #####:  299:        gainCard(supplyPos, state, 0, who); //card goes in discard, this might be wrong.. (2 means goes into hand, 0 goes into discard)
call    0 never executed
        -:  300:
    #####:  301:        state->coins = (state->coins) - (getCost(supplyPos));
call    0 never executed
    #####:  302:        state->numBuys--;
        -:  303:        if (DEBUG)
    #####:  304:            printf("You bought card number %d for %d coins. You now have %d buys and %d coins.\n", supplyPos, getCost(supplyPos), state->numBuys, state->coins);
call    0 never executed
call    1 never executed
        -:  305:    }
        -:  306:
        -:  307:    //state->discard[who][state->discardCount[who]] = supplyPos;
        -:  308:    //state->discardCount[who]++;
        -:  309:
    #####:  310:    return 0;
        -:  311:}
        -:  312:
function numHandCards called 0 returned 0% blocks executed 0%
    #####:  313:int numHandCards(struct gameState *state) {
    #####:  314:    return state->handCount[ whoseTurn(state) ];
call    0 never executed
        -:  315:}
        -:  316:
function handCard called 0 returned 0% blocks executed 0%
    #####:  317:int handCard(int handPos, struct gameState *state) {
    #####:  318:    int currentPlayer = whoseTurn(state);
call    0 never executed
    #####:  319:    return state->hand[currentPlayer][handPos];
        -:  320:}
        -:  321:
function supplyCount called 0 returned 0% blocks executed 0%
    #####:  322:int supplyCount(int card, struct gameState *state) {
    #####:  323:    return state->supplyCount[card];
        -:  324:}
        -:  325:
function fullDeckCount called 0 returned 0% blocks executed 0%
    #####:  326:int fullDeckCount(int player, int card, struct gameState *state) {
        -:  327:    int i;
    #####:  328:    int count = 0;
        -:  329:
    #####:  330:    for (i = 0; i < state->deckCount[player]; i++)
branch  0 never executed
branch  1 never executed
        -:  331:    {
    #####:  332:        if (state->deck[player][i] == card) count++;
branch  0 never executed
branch  1 never executed
        -:  333:    }
        -:  334:
    #####:  335:    for (i = 0; i < state->handCount[player]; i++)
branch  0 never executed
branch  1 never executed
        -:  336:    {
    #####:  337:        if (state->hand[player][i] == card) count++;
branch  0 never executed
branch  1 never executed
        -:  338:    }
        -:  339:
    #####:  340:    for (i = 0; i < state->discardCount[player]; i++)
branch  0 never executed
branch  1 never executed
        -:  341:    {
    #####:  342:        if (state->discard[player][i] == card) count++;
branch  0 never executed
branch  1 never executed
        -:  343:    }
        -:  344:
    #####:  345:    return count;
        -:  346:}
        -:  347:
function whoseTurn called 0 returned 0% blocks executed 0%
    #####:  348:int whoseTurn(struct gameState *state) {
    #####:  349:    return state->whoseTurn;
        -:  350:}
        -:  351:
function endTurn called 0 returned 0% blocks executed 0%
    #####:  352:int endTurn(struct gameState *state) {
        -:  353:    int k;
        -:  354:    int i;
    #####:  355:    int currentPlayer = whoseTurn(state);
call    0 never executed
        -:  356:
        -:  357:    //Discard hand
    #####:  358:    for (i = 0; i < state->handCount[currentPlayer]; i++) {
branch  0 never executed
branch  1 never executed
    #####:  359:        state->discard[currentPlayer][state->discardCount[currentPlayer]++] = state->hand[currentPlayer][i];//Discard
    #####:  360:        state->hand[currentPlayer][i] = -1;//Set card to -1
        -:  361:    }
    #####:  362:    state->handCount[currentPlayer] = 0;//Reset hand count
        -:  363:
        -:  364:    //Code for determining the player
    #####:  365:    if (currentPlayer < (state->numPlayers - 1)) {
branch  0 never executed
branch  1 never executed
    #####:  366:        state->whoseTurn = currentPlayer + 1;//Still safe to increment
        -:  367:    }
        -:  368:    else {
    #####:  369:        state->whoseTurn = 0;//Max player has been reached, loop back around to player 1
        -:  370:    }
        -:  371:
    #####:  372:    state->outpostPlayed = 0;
    #####:  373:    state->phase = 0;
    #####:  374:    state->numActions = 1;
    #####:  375:    state->coins = 0;
    #####:  376:    state->numBuys = 1;
    #####:  377:    state->playedCardCount = 0;
    #####:  378:    state->handCount[state->whoseTurn] = 0;
        -:  379:
        -:  380:    //int k; move to top
        -:  381:    //Next player draws hand
    #####:  382:    for (k = 0; k < 5; k++) {
branch  0 never executed
branch  1 never executed
    #####:  383:        drawCard(state->whoseTurn, state);//Draw a card
call    0 never executed
        -:  384:    }
        -:  385:
        -:  386:    //Update money
    #####:  387:    updateCoins(state->whoseTurn, state, 0);
call    0 never executed
        -:  388:
    #####:  389:    return 0;
        -:  390:}
        -:  391:
function isGameOver called 0 returned 0% blocks executed 0%
    #####:  392:int isGameOver(struct gameState *state) {
        -:  393:    int i;
        -:  394:    int j;
        -:  395:
        -:  396:    //if stack of Province cards is empty, the game ends
    #####:  397:    if (state->supplyCount[province] == 0)
branch  0 never executed
branch  1 never executed
        -:  398:    {
    #####:  399:        return 1;
        -:  400:    }
        -:  401:
        -:  402:    //if three supply pile are at 0, the game ends
    #####:  403:    j = 0;
    #####:  404:    for (i = 0; i < 25; i++)
branch  0 never executed
branch  1 never executed
        -:  405:    {
    #####:  406:        if (state->supplyCount[i] == 0)
branch  0 never executed
branch  1 never executed
        -:  407:        {
    #####:  408:            j++;
        -:  409:        }
        -:  410:    }
    #####:  411:    if ( j >= 3)
branch  0 never executed
branch  1 never executed
        -:  412:    {
    #####:  413:        return 1;
        -:  414:    }
        -:  415:
    #####:  416:    return 0;
        -:  417:}
        -:  418:
function scoreFor called 0 returned 0% blocks executed 0%
    #####:  419:int scoreFor (int player, struct gameState *state) {
        -:  420:
        -:  421:    int i;
    #####:  422:    int score = 0;
        -:  423:    //score from hand
    #####:  424:    for (i = 0; i < state->handCount[player]; i++)
branch  0 never executed
branch  1 never executed
        -:  425:    {
    #####:  426:        if (state->hand[player][i] == curse) {
branch  0 never executed
branch  1 never executed
    #####:  427:            score = score - 1;
        -:  428:        };
    #####:  429:        if (state->hand[player][i] == estate) {
branch  0 never executed
branch  1 never executed
    #####:  430:            score = score + 1;
        -:  431:        };
    #####:  432:        if (state->hand[player][i] == duchy) {
branch  0 never executed
branch  1 never executed
    #####:  433:            score = score + 3;
        -:  434:        };
    #####:  435:        if (state->hand[player][i] == province) {
branch  0 never executed
branch  1 never executed
    #####:  436:            score = score + 6;
        -:  437:        };
    #####:  438:        if (state->hand[player][i] == great_hall) {
branch  0 never executed
branch  1 never executed
    #####:  439:            score = score + 1;
        -:  440:        };
    #####:  441:        if (state->hand[player][i] == gardens) {
branch  0 never executed
branch  1 never executed
    #####:  442:            score = score + ( fullDeckCount(player, 0, state) / 10 );
call    0 never executed
        -:  443:        };
        -:  444:    }
        -:  445:
        -:  446:    //score from discard
    #####:  447:    for (i = 0; i < state->discardCount[player]; i++)
branch  0 never executed
branch  1 never executed
        -:  448:    {
    #####:  449:        if (state->discard[player][i] == curse) {
branch  0 never executed
branch  1 never executed
    #####:  450:            score = score - 1;
        -:  451:        };
    #####:  452:        if (state->discard[player][i] == estate) {
branch  0 never executed
branch  1 never executed
    #####:  453:            score = score + 1;
        -:  454:        };
    #####:  455:        if (state->discard[player][i] == duchy) {
branch  0 never executed
branch  1 never executed
    #####:  456:            score = score + 3;
        -:  457:        };
    #####:  458:        if (state->discard[player][i] == province) {
branch  0 never executed
branch  1 never executed
    #####:  459:            score = score + 6;
        -:  460:        };
    #####:  461:        if (state->discard[player][i] == great_hall) {
branch  0 never executed
branch  1 never executed
    #####:  462:            score = score + 1;
        -:  463:        };
    #####:  464:        if (state->discard[player][i] == gardens) {
branch  0 never executed
branch  1 never executed
    #####:  465:            score = score + ( fullDeckCount(player, 0, state) / 10 );
call    0 never executed
        -:  466:        };
        -:  467:    }
        -:  468:
        -:  469:    //score from deck
    #####:  470:    for (i = 0; i < state->discardCount[player]; i++)
branch  0 never executed
branch  1 never executed
        -:  471:    {
    #####:  472:        if (state->deck[player][i] == curse) {
branch  0 never executed
branch  1 never executed
    #####:  473:            score = score - 1;
        -:  474:        };
    #####:  475:        if (state->deck[player][i] == estate) {
branch  0 never executed
branch  1 never executed
    #####:  476:            score = score + 1;
        -:  477:        };
    #####:  478:        if (state->deck[player][i] == duchy) {
branch  0 never executed
branch  1 never executed
    #####:  479:            score = score + 3;
        -:  480:        };
    #####:  481:        if (state->deck[player][i] == province) {
branch  0 never executed
branch  1 never executed
    #####:  482:            score = score + 6;
        -:  483:        };
    #####:  484:        if (state->deck[player][i] == great_hall) {
branch  0 never executed
branch  1 never executed
    #####:  485:            score = score + 1;
        -:  486:        };
    #####:  487:        if (state->deck[player][i] == gardens) {
branch  0 never executed
branch  1 never executed
    #####:  488:            score = score + ( fullDeckCount(player, 0, state) / 10 );
call    0 never executed
        -:  489:        };
        -:  490:    }
        -:  491:
    #####:  492:    return score;
        -:  493:}
        -:  494:
function getWinners called 0 returned 0% blocks executed 0%
    #####:  495:int getWinners(int players[MAX_PLAYERS], struct gameState *state) {
        -:  496:    int i;
        -:  497:    int j;
        -:  498:    int highScore;
        -:  499:    int currentPlayer;
        -:  500:
        -:  501:    //get score for each player
    #####:  502:    for (i = 0; i < MAX_PLAYERS; i++)
branch  0 never executed
branch  1 never executed
        -:  503:    {
        -:  504:        //set unused player scores to -9999
    #####:  505:        if (i >= state->numPlayers)
branch  0 never executed
branch  1 never executed
        -:  506:        {
    #####:  507:            players[i] = -9999;
        -:  508:        }
        -:  509:        else
        -:  510:        {
    #####:  511:            players[i] = scoreFor (i, state);
call    0 never executed
        -:  512:        }
        -:  513:    }
        -:  514:
        -:  515:    //find highest score
    #####:  516:    j = 0;
    #####:  517:    for (i = 0; i < MAX_PLAYERS; i++)
branch  0 never executed
branch  1 never executed
        -:  518:    {
    #####:  519:        if (players[i] > players[j])
branch  0 never executed
branch  1 never executed
        -:  520:        {
    #####:  521:            j = i;
        -:  522:        }
        -:  523:    }
    #####:  524:    highScore = players[j];
        -:  525:
        -:  526:    //add 1 to players who had less turns
    #####:  527:    currentPlayer = whoseTurn(state);
call    0 never executed
    #####:  528:    for (i = 0; i < MAX_PLAYERS; i++)
branch  0 never executed
branch  1 never executed
        -:  529:    {
    #####:  530:        if ( players[i] == highScore && i > currentPlayer )
branch  0 never executed
branch  1 never executed
branch  2 never executed
branch  3 never executed
        -:  531:        {
    #####:  532:            players[i]++;
        -:  533:        }
        -:  534:    }
        -:  535:
        -:  536:    //find new highest score
    #####:  537:    j = 0;
    #####:  538:    for (i = 0; i < MAX_PLAYERS; i++)
branch  0 never executed
branch  1 never executed
        -:  539:    {
    #####:  540:        if ( players[i] > players[j] )
branch  0 never executed
branch  1 never executed
        -:  541:        {
    #####:  542:            j = i;
        -:  543:        }
        -:  544:    }
    #####:  545:    highScore = players[j];
        -:  546:
        -:  547:    //set winners in array to 1 and rest to 0
    #####:  548:    for (i = 0; i < MAX_PLAYERS; i++)
branch  0 never executed
branch  1 never executed
        -:  549:    {
    #####:  550:        if ( players[i] == highScore )
branch  0 never executed
branch  1 never executed
        -:  551:        {
    #####:  552:            players[i] = 1;
        -:  553:        }
        -:  554:        else
        -:  555:        {
    #####:  556:            players[i] = 0;
        -:  557:        }
        -:  558:    }
        -:  559:
    #####:  560:    return 0;
        -:  561:}
        -:  562:
function drawCard called 49 returned 100% blocks executed 38%
       49:  563:int drawCard(int player, struct gameState *state)
        -:  564:{   int count;
        -:  565:    int deckCounter;
       49:  566:    if (state->deckCount[player] <= 0) { //Deck is empty
branch  0 taken 0% (fallthrough)
branch  1 taken 100%
        -:  567:
        -:  568:        //Step 1 Shuffle the discard pile back into a deck
        -:  569:        int i;
        -:  570:        //Move discard to deck
    #####:  571:        for (i = 0; i < state->discardCount[player]; i++) {
branch  0 never executed
branch  1 never executed
    #####:  572:            state->deck[player][i] = state->discard[player][i];
    #####:  573:            state->discard[player][i] = -1;
        -:  574:        }
        -:  575:
    #####:  576:        state->deckCount[player] = state->discardCount[player];
    #####:  577:        state->discardCount[player] = 0;//Reset discard
        -:  578:
        -:  579:        //Shufffle the deck
    #####:  580:        shuffle(player, state);//Shuffle the deck up and make it so that we can draw
call    0 never executed
        -:  581:
        -:  582:        if (DEBUG) { //Debug statements
    #####:  583:            printf("Deck count now: %d\n", state->deckCount[player]);
call    0 never executed
        -:  584:        }
        -:  585:
    #####:  586:        state->discardCount[player] = 0;
        -:  587:
        -:  588:        //Step 2 Draw Card
    #####:  589:        count = state->handCount[player];//Get current player's hand count
        -:  590:
        -:  591:        if (DEBUG) { //Debug statements
    #####:  592:            printf("Current hand count: %d\n", count);
call    0 never executed
        -:  593:        }
        -:  594:
    #####:  595:        deckCounter = state->deckCount[player];//Create a holder for the deck count
        -:  596:
    #####:  597:        if (deckCounter == 0)
branch  0 never executed
branch  1 never executed
    #####:  598:            return -1;
        -:  599:
    #####:  600:        state->hand[player][count] = state->deck[player][deckCounter - 1];//Add card to hand
    #####:  601:        state->deckCount[player]--;
    #####:  602:        state->handCount[player]++;//Increment hand count
        -:  603:    }
        -:  604:
        -:  605:    else {
       49:  606:        int count = state->handCount[player];//Get current hand count for player
        -:  607:        int deckCounter;
        -:  608:        if (DEBUG) { //Debug statements
       49:  609:            printf("Current hand count: %d\n", count);
call    0 returned 100%
        -:  610:        }
        -:  611:
       49:  612:        deckCounter = state->deckCount[player];//Create holder for the deck count
       49:  613:        state->hand[player][count] = state->deck[player][deckCounter - 1];//Add card to the hand
       49:  614:        state->deckCount[player]--;
       49:  615:        state->handCount[player]++;//Increment hand count
        -:  616:    }
        -:  617:
       49:  618:    return 0;
        -:  619:}
        -:  620:
function getCost called 0 returned 0% blocks executed 0%
    #####:  621:int getCost(int cardNumber)
        -:  622:{
    #####:  623:    switch( cardNumber )
branch  0 never executed
branch  1 never executed
branch  2 never executed
branch  3 never executed
branch  4 never executed
branch  5 never executed
branch  6 never executed
branch  7 never executed
branch  8 never executed
branch  9 never executed
branch 10 never executed
branch 11 never executed
branch 12 never executed
branch 13 never executed
branch 14 never executed
branch 15 never executed
branch 16 never executed
branch 17 never executed
branch 18 never executed
branch 19 never executed
branch 20 never executed
branch 21 never executed
branch 22 never executed
branch 23 never executed
branch 24 never executed
branch 25 never executed
branch 26 never executed
branch 27 never executed
        -:  624:    {
    #####:  625:    case curse:
    #####:  626:        return 0;
    #####:  627:    case estate:
    #####:  628:        return 2;
    #####:  629:    case duchy:
    #####:  630:        return 5;
    #####:  631:    case province:
    #####:  632:        return 8;
    #####:  633:    case copper:
    #####:  634:        return 0;
    #####:  635:    case silver:
    #####:  636:        return 3;
    #####:  637:    case gold:
    #####:  638:        return 6;
    #####:  639:    case adventurer:
    #####:  640:        return 6;
    #####:  641:    case council_room:
    #####:  642:        return 5;
    #####:  643:    case feast:
    #####:  644:        return 4;
    #####:  645:    case gardens:
    #####:  646:        return 4;
    #####:  647:    case mine:
    #####:  648:        return 5;
    #####:  649:    case remodel:
    #####:  650:        return 4;
    #####:  651:    case smithy:
    #####:  652:        return 4;
    #####:  653:    case village:
    #####:  654:        return 3;
    #####:  655:    case baron:
    #####:  656:        return 4;
    #####:  657:    case great_hall:
    #####:  658:        return 3;
    #####:  659:    case minion:
    #####:  660:        return 5;
    #####:  661:    case steward:
    #####:  662:        return 3;
    #####:  663:    case tribute:
    #####:  664:        return 5;
    #####:  665:    case ambassador:
    #####:  666:        return 3;
    #####:  667:    case cutpurse:
    #####:  668:        return 4;
    #####:  669:    case embargo:
    #####:  670:        return 2;
    #####:  671:    case outpost:
    #####:  672:        return 5;
    #####:  673:    case salvager:
    #####:  674:        return 4;
    #####:  675:    case sea_hag:
    #####:  676:        return 4;
    #####:  677:    case treasure_map:
    #####:  678:        return 4;
        -:  679:    }
        -:  680:
    #####:  681:    return -1;
        -:  682:}
        -:  683:
function baronRefactor called 0 returned 0% blocks executed 0%
    #####:  684:int baronRefactor(int choice1, int currentPlayer, struct gameState *state) 
        -:  685:{
    #####:  686:    state->numActions++;//Increase actions by 1!
    #####:  687:    if (choice1 > 0) { //Boolean true or going to discard an estate
branch  0 never executed
branch  1 never executed
    #####:  688:        int p = 0;//Iterator for hand!
    #####:  689:        int card_not_discarded = 1;//Flag for discard set!
    #####:  690:        while(card_not_discarded) {
branch  0 never executed
branch  1 never executed
    #####:  691:            if (state->hand[currentPlayer][p] == estate) { //Found an estate card!
branch  0 never executed
branch  1 never executed
    #####:  692:                state->coins += 4;//Add 4 coins to the amount of coins
    #####:  693:                state->discard[currentPlayer][state->discardCount[currentPlayer]] = state->hand[currentPlayer][p];
    #####:  694:                state->discardCount[currentPlayer]++;
    #####:  695:                for (; p < state->handCount[currentPlayer]; p++) {
branch  0 never executed
branch  1 never executed
    #####:  696:                    state->hand[currentPlayer][p] = state->hand[currentPlayer][p+1];
        -:  697:                }
    #####:  698:                state->hand[currentPlayer][state->handCount[currentPlayer]] = -1;
    #####:  699:                state->handCount[currentPlayer]--;
    #####:  700:                card_not_discarded = 0;//Exit the loop
        -:  701:            }
    #####:  702:            else if (p > state->handCount[currentPlayer]) {
branch  0 never executed
branch  1 never executed
        -:  703:                if(DEBUG) {
    #####:  704:                    printf("No estate cards in your hand, invalid choice\n");
call    0 never executed
    #####:  705:                    printf("Must gain an estate if there are any\n");
call    0 never executed
        -:  706:                }
    #####:  707:                if (supplyCount(estate, state) > 0) {
call    0 never executed
branch  1 never executed
branch  2 never executed
    #####:  708:                    gainCard(estate, state, 0, currentPlayer);
call    0 never executed
        -:  709:
    #####:  710:                    state->supplyCount[estate]--;//Decrement estates
    #####:  711:                    if (supplyCount(estate, state) == 0) {
call    0 never executed
branch  1 never executed
branch  2 never executed
    #####:  712:                        isGameOver(state);
call    0 never executed
        -:  713:                    }
        -:  714:                }
    #####:  715:                card_not_discarded = 0;//Exit the loop
        -:  716:            }
        -:  717:
        -:  718:            else {
        -:  719:                //commented out custom bug for code coverage purposes
        -:  720:                //p=0;
    #####:  721:                p++;//Next card
        -:  722:            }
        -:  723:        }
        -:  724:    }
        -:  725:
        -:  726:    else {
    #####:  727:        if (supplyCount(estate, state) > 0) {
call    0 never executed
branch  1 never executed
branch  2 never executed
    #####:  728:            gainCard(estate, state, 0, currentPlayer);//Gain an estate
call    0 never executed
        -:  729:
    #####:  730:            state->supplyCount[estate]--;//Decrement Estates
    #####:  731:            if (supplyCount(estate, state) == 0) {
call    0 never executed
branch  1 never executed
branch  2 never executed
    #####:  732:                isGameOver(state);
call    0 never executed
        -:  733:            }
        -:  734:        }
        -:  735:    }
        -:  736:
        -:  737:
    #####:  738:    return 0;   
        -:  739:}
        -:  740:
function minionRefactor called 0 returned 0% blocks executed 0%
    #####:  741:int minionRefactor(int choice1, int choice2, int currentPlayer, struct gameState *state, int handPos)
        -:  742:{
        -:  743:    int i;
        -:  744:    int j;
        -:  745:    //+1 action
    #####:  746:    state->numActions++;
        -:  747:
    #####:  748:	if (choice1)
branch  0 never executed
branch  1 never executed
        -:  749:    {
    #####:  750:        state->coins = state->coins + 2;
        -:  751:    }
    #####:  752:    else if (choice2)		//discard hand, redraw 4, other players with 5+ cards discard hand and draw 4
branch  0 never executed
branch  1 never executed
        -:  753:    {
        -:  754:        //discard hand
    #####:  755:        while(numHandCards(state) > 0)
call    0 never executed
branch  1 never executed
branch  2 never executed
        -:  756:        {
    #####:  757:            discardCard(handPos, currentPlayer, state, 0);
call    0 never executed
        -:  758:        }
        -:  759:
        -:  760:        //draw 4
    #####:  761:        for (i = 0; i < 4; i++)
branch  0 never executed
branch  1 never executed
        -:  762:        {
    #####:  763:            drawCard(currentPlayer, state);
call    0 never executed
        -:  764:        }
        -:  765:
        -:  766:        //other players discard hand and redraw if hand size > 4
    #####:  767:        for (i = 0; i < state->numPlayers; i++)
branch  0 never executed
branch  1 never executed
        -:  768:        {
        -:  769:            //custom Bug: short circuits next block of code, nothing occurs
        -:  770:            //if (i == currentPlayer)
    #####:  771:            if (i != currentPlayer)
branch  0 never executed
branch  1 never executed
        -:  772:            {
    #####:  773:                if ( state->handCount[i] > 4 )
branch  0 never executed
branch  1 never executed
        -:  774:                {
        -:  775:                    //discard hand
    #####:  776:                    while( state->handCount[i] > 0 )
branch  0 never executed
branch  1 never executed
        -:  777:                    {
    #####:  778:                        discardCard(handPos, i, state, 0);
call    0 never executed
        -:  779:                    }
        -:  780:
        -:  781:                    //draw 4
    #####:  782:                    for (j = 0; j < 4; j++)
branch  0 never executed
branch  1 never executed
        -:  783:                    {
    #####:  784:                        drawCard(i, state);
call    0 never executed
        -:  785:                    }
        -:  786:                }
        -:  787:            }
        -:  788:        }
        -:  789:
        -:  790:    }
    #####:  791:    return 0;
        -:  792:}
        -:  793:
function ambassadorRefactor called 0 returned 0% blocks executed 0%
    #####:  794:int ambassadorRefactor(int choice1, int choice2, int currentPlayer, struct gameState *state, int handPos)
        -:  795:{
        -:  796:    int j;		    //used to check if player has enough cards to discard
        -:  797:    int i;
        -:  798:
    #####:  799:    if (choice2 > 2 || choice2 < 0)
branch  0 never executed
branch  1 never executed
branch  2 never executed
branch  3 never executed
        -:  800:    {
        -:  801:        //custom bug: return 0;
    #####:  802:        return -1;
        -:  803:    }
        -:  804:
    #####:  805:    if (choice1 == handPos)
branch  0 never executed
branch  1 never executed
        -:  806:    {
        -:  807:        //custom bug: return 0;
    #####:  808:        return -1;
        -:  809:    }
        -:  810:
        -:  811:
        -:  812:
    #####:  813:    for (i = 0; i < state->handCount[currentPlayer]; i++)
branch  0 never executed
branch  1 never executed
        -:  814:    {
    #####:  815:        if (i != handPos && i != choice1 && state->hand[currentPlayer][i] == state->hand[currentPlayer][choice1])
branch  0 never executed
branch  1 never executed
branch  2 never executed
branch  3 never executed
branch  4 never executed
branch  5 never executed
        -:  816:        {
    #####:  817:            j++;
        -:  818:        }
        -:  819:    }
    #####:  820:    if (j < choice2)
branch  0 never executed
branch  1 never executed
        -:  821:    {
        -:  822:        //custom bug: return 0;
    #####:  823:        return -1;
        -:  824:    }
        -:  825:
        -:  826:    if (DEBUG)
    #####:  827:        printf("Player %d reveals card number: %d\n", currentPlayer, state->hand[currentPlayer][choice1]);
call    0 never executed
        -:  828:
        -:  829:    //increase supply count for choosen card by amount being discarded
    #####:  830:    state->supplyCount[state->hand[currentPlayer][choice1]] += choice2;
        -:  831:
        -:  832:    //each other player gains a copy of revealed card
        -:  833:    //custom bug, will cause segmentation fault as it searches out of bounds in array
        -:  834:    //for (i = 0; i <= state->numPlayers; i++)
    #####:  835:    for (i = 0; i < state->numPlayers; i++)
branch  0 never executed
branch  1 never executed
        -:  836:    {
    #####:  837:        if (i != currentPlayer)
branch  0 never executed
branch  1 never executed
        -:  838:        {
    #####:  839:            gainCard(state->hand[currentPlayer][choice1], state, 0, i);
call    0 never executed
        -:  840:        }
        -:  841:    }
        -:  842:
        -:  843:    //discard played card from hand
    #####:  844:    discardCard(handPos, currentPlayer, state, 0);
call    0 never executed
        -:  845:
        -:  846:    //trash copies of cards returned to supply
    #####:  847:    for (j = 0; j < choice2; j++)
branch  0 never executed
branch  1 never executed
        -:  848:    {
    #####:  849:        for (i = 0; i < state->handCount[currentPlayer]; i++)
branch  0 never executed
branch  1 never executed
        -:  850:        {
    #####:  851:            if (state->hand[currentPlayer][i] == state->hand[currentPlayer][choice1])
branch  0 never executed
branch  1 never executed
        -:  852:            {
    #####:  853:                discardCard(i, currentPlayer, state, 1);
call    0 never executed
    #####:  854:                break;
        -:  855:            }
        -:  856:        }
        -:  857:    }
        -:  858:
    #####:  859:    return 0;    
        -:  860:}
        -:  861:
function tributeRefactor called 11 returned 100% blocks executed 100%
       11:  862:int tributeRefactor(int currentPlayer, int nextPlayer, int tributeRevealedCards[], struct gameState *state)
        -:  863:{
        -:  864:    int i;
       11:  865:    if ((state->discardCount[nextPlayer] + state->deckCount[nextPlayer]) <= 1) {
branch  0 taken 27% (fallthrough)
branch  1 taken 73%
        3:  866:        if (state->deckCount[nextPlayer] > 0) {
branch  0 taken 33% (fallthrough)
branch  1 taken 67%
        1:  867:            tributeRevealedCards[0] = state->deck[nextPlayer][state->deckCount[nextPlayer]-1];
        1:  868:            state->deckCount[nextPlayer]--;
        -:  869:        }
        2:  870:        else if (state->discardCount[nextPlayer] > 0) {
branch  0 taken 50% (fallthrough)
branch  1 taken 50%
        1:  871:            tributeRevealedCards[0] = state->discard[nextPlayer][state->discardCount[nextPlayer]-1];
        1:  872:            state->discardCount[nextPlayer]--;
        -:  873:        }
        -:  874:        else {
        -:  875:            //No Card to Reveal
        -:  876:            if (DEBUG) {
        1:  877:                printf("No cards to reveal\n");
call    0 returned 100%
        -:  878:            }
        -:  879:        }
        -:  880:    }
        -:  881:
        -:  882:    else {
        8:  883:        if (state->deckCount[nextPlayer] == 0) {
branch  0 taken 13% (fallthrough)
branch  1 taken 88%
        2:  884:            for (i = 0; i < state->discardCount[nextPlayer]; i++) {
branch  0 taken 50%
branch  1 taken 50% (fallthrough)
        1:  885:                state->deck[nextPlayer][i] = state->discard[nextPlayer][i];//Move to deck
        1:  886:                state->deckCount[nextPlayer]++;
        1:  887:                state->discard[nextPlayer][i] = -1;
        1:  888:                state->discardCount[nextPlayer]--;
        -:  889:            }
        -:  890:            
        1:  891:            shuffle(nextPlayer,state);//Shuffle the deck
call    0 returned 100%
        -:  892:        }
        8:  893:        tributeRevealedCards[0] = state->deck[nextPlayer][state->deckCount[nextPlayer]-1];
        -:  894:        //custom bug: segmentation fault on array
        -:  895:        //tributeRevealedCards[2] = state->deck[nextPlayer][state->deckCount[nextPlayer]-2];
        8:  896:        tributeRevealedCards[1] = state->deck[nextPlayer][state->deckCount[nextPlayer]-2];
        8:  897:        state->deckCount[nextPlayer]--;
        8:  898:        state->deckCount[nextPlayer]--;
        -:  899:    }
        -:  900:
       11:  901:    if (tributeRevealedCards[0] == tributeRevealedCards[1]) { //If we have a duplicate card, just drop one
branch  0 taken 18% (fallthrough)
branch  1 taken 82%
        2:  902:        state->playedCards[state->playedCardCount] = tributeRevealedCards[1];
        2:  903:        state->playedCardCount--;
        2:  904:        tributeRevealedCards[1] = -1;
        -:  905:    }
        -:  906:
       44:  907:    for (i = 0; i <= 2; i ++) {
branch  0 taken 75%
branch  1 taken 25% (fallthrough)
       33:  908:        if (tributeRevealedCards[i] == copper || tributeRevealedCards[i] == silver || tributeRevealedCards[i] == gold) { //Treasure cards
branch  0 taken 88% (fallthrough)
branch  1 taken 12%
branch  2 taken 97% (fallthrough)
branch  3 taken 3%
branch  4 taken 0% (fallthrough)
branch  5 taken 100%
        5:  909:            state->coins += 2;
        -:  910:        }
        -:  911:
       28:  912:        else if (tributeRevealedCards[i] == estate || tributeRevealedCards[i] == duchy || tributeRevealedCards[i] == province || tributeRevealedCards[i] == gardens || tributeRevealedCards[i] == great_hall) { //Victory Card Found
branch  0 taken 82% (fallthrough)
branch  1 taken 18%
branch  2 taken 100% (fallthrough)
branch  3 taken 0%
branch  4 taken 91% (fallthrough)
branch  5 taken 9%
branch  6 taken 100% (fallthrough)
branch  7 taken 0%
branch  8 taken 0% (fallthrough)
branch  9 taken 100%
        7:  913:            drawCard(currentPlayer, state);
call    0 returned 100%
        7:  914:            drawCard(currentPlayer, state);
call    0 returned 100%
        -:  915:        }
        -:  916:        else { //Action Card
       21:  917:            state->numActions = state->numActions + 2;
        -:  918:        }
        -:  919:    }
        -:  920:
       11:  921:    return 0;
        -:  922:}
        -:  923:
function mineRefactor called 0 returned 0% blocks executed 0%
    #####:  924:int mineRefactor(int choice1, int choice2, int currentPlayer, struct gameState *state, int handPos)
        -:  925:{
        -:  926:    int i;
        -:  927:    int k;
        -:  928:
    #####:  929:    k = 0;
        -:  930:
    #####:  931:    if (state->hand[currentPlayer][choice1] < copper || state->hand[currentPlayer][choice1] > gold)
branch  0 never executed
branch  1 never executed
branch  2 never executed
branch  3 never executed
        -:  932:    {
    #####:  933:        return -1;
        -:  934:    }
        -:  935:
    #####:  936:    if (choice2 > treasure_map || choice2 < curse)
branch  0 never executed
branch  1 never executed
branch  2 never executed
branch  3 never executed
        -:  937:    {
    #####:  938:        return -1;
        -:  939:    }
        -:  940:
    #####:  941:    if ( (getCost(state->hand[currentPlayer][choice1]) + 6) < getCost(choice2) )
call    0 never executed
call    1 never executed
branch  2 never executed
branch  3 never executed
        -:  942:    {
    #####:  943:        return -1;
        -:  944:    }
        -:  945:
    #####:  946:    gainCard(choice2, state, 2, currentPlayer);
call    0 never executed
        -:  947:
        -:  948:    //discard card from hand
    #####:  949:    discardCard(handPos, currentPlayer, state, 0);
call    0 never executed
        -:  950:
        -:  951:    //discard trashed card
    #####:  952:    for (i = 0; i < state->handCount[currentPlayer]; i++)
branch  0 never executed
branch  1 never executed
        -:  953:    {
    #####:  954:        if (state->hand[currentPlayer][i] == k)
branch  0 never executed
branch  1 never executed
        -:  955:        {
    #####:  956:            discardCard(i, currentPlayer, state, 0);
call    0 never executed
    #####:  957:            break;
        -:  958:        }
        -:  959:    }
        -:  960:
    #####:  961:    return 0;
        -:  962:}
        -:  963:
function cardEffect called 0 returned 0% blocks executed 0%
    #####:  964:int cardEffect(int card, int choice1, int choice2, int choice3, struct gameState *state, int handPos, int *bonus)
        -:  965:{
        -:  966:    int i;
        -:  967:    int j;
        -:  968:    int k;
        -:  969:    int x;
        -:  970:    int index;
    #####:  971:    int currentPlayer = whoseTurn(state);
call    0 never executed
    #####:  972:    int nextPlayer = currentPlayer + 1;
        -:  973:
    #####:  974:    int tributeRevealedCards[2] = {-1, -1};
        -:  975:    int temphand[MAX_HAND];// moved above the if statement
    #####:  976:    int drawntreasure=0;
        -:  977:    int cardDrawn;
    #####:  978:    int z = 0;// this is the counter for the temp hand
    #####:  979:    if (nextPlayer > (state->numPlayers - 1)) {
branch  0 never executed
branch  1 never executed
    #####:  980:        nextPlayer = 0;
        -:  981:    }
        -:  982:
        -:  983:
        -:  984:    //uses switch to select card and perform actions
    #####:  985:    switch( card )
branch  0 never executed
branch  1 never executed
branch  2 never executed
branch  3 never executed
branch  4 never executed
branch  5 never executed
branch  6 never executed
branch  7 never executed
branch  8 never executed
branch  9 never executed
branch 10 never executed
branch 11 never executed
branch 12 never executed
branch 13 never executed
branch 14 never executed
branch 15 never executed
branch 16 never executed
branch 17 never executed
branch 18 never executed
branch 19 never executed
branch 20 never executed
        -:  986:    {
    #####:  987:    case adventurer:
    #####:  988:        while(drawntreasure<2) {
branch  0 never executed
branch  1 never executed
    #####:  989:            if (state->deckCount[currentPlayer] <1) { //if the deck is empty we need to shuffle discard and add to deck
branch  0 never executed
branch  1 never executed
    #####:  990:                shuffle(currentPlayer, state);
call    0 never executed
        -:  991:            }
    #####:  992:            drawCard(currentPlayer, state);
call    0 never executed
    #####:  993:            cardDrawn = state->hand[currentPlayer][state->handCount[currentPlayer]-1];//top card of hand is most recently drawn card.
    #####:  994:            if (cardDrawn == copper || cardDrawn == silver || cardDrawn == gold)
branch  0 never executed
branch  1 never executed
branch  2 never executed
branch  3 never executed
branch  4 never executed
branch  5 never executed
    #####:  995:                drawntreasure++;
        -:  996:            else {
    #####:  997:                temphand[z]=cardDrawn;
    #####:  998:                state->handCount[currentPlayer]--; //this should just remove the top card (the most recently drawn one).
    #####:  999:                z++;
        -: 1000:            }
        -: 1001:        }
    #####: 1002:        while(z-1>=0) {
branch  0 never executed
branch  1 never executed
    #####: 1003:            state->discard[currentPlayer][state->discardCount[currentPlayer]++]=temphand[z-1]; // discard all cards in play that have been drawn
    #####: 1004:            z=z-1;
        -: 1005:        }
    #####: 1006:        return 0;
        -: 1007:
    #####: 1008:    case council_room:
        -: 1009:        //+4 Cards
    #####: 1010:        for (i = 0; i < 4; i++)
branch  0 never executed
branch  1 never executed
        -: 1011:        {
    #####: 1012:            drawCard(currentPlayer, state);
call    0 never executed
        -: 1013:        }
        -: 1014:
        -: 1015:        //+1 Buy
    #####: 1016:        state->numBuys++;
        -: 1017:
        -: 1018:        //Each other player draws a card
    #####: 1019:        for (i = 0; i < state->numPlayers; i++)
branch  0 never executed
branch  1 never executed
        -: 1020:        {
    #####: 1021:            if ( i != currentPlayer )
branch  0 never executed
branch  1 never executed
        -: 1022:            {
    #####: 1023:                drawCard(i, state);
call    0 never executed
        -: 1024:            }
        -: 1025:        }
        -: 1026:
        -: 1027:        //put played card in played card pile
    #####: 1028:        discardCard(handPos, currentPlayer, state, 0);
call    0 never executed
        -: 1029:
    #####: 1030:        return 0;
        -: 1031:
    #####: 1032:    case feast:
        -: 1033:        //gain card with cost up to 5
        -: 1034:        //Backup hand
    #####: 1035:        for (i = 0; i <= state->handCount[currentPlayer]; i++) {
branch  0 never executed
branch  1 never executed
    #####: 1036:            temphand[i] = state->hand[currentPlayer][i];//Backup card
    #####: 1037:            state->hand[currentPlayer][i] = -1;//Set to nothing
        -: 1038:        }
        -: 1039:        //Backup hand
        -: 1040:
        -: 1041:        //Update Coins for Buy
    #####: 1042:        updateCoins(currentPlayer, state, 5);
call    0 never executed
    #####: 1043:        x = 1;//Condition to loop on
    #####: 1044:        while( x == 1) {//Buy one card
branch  0 never executed
branch  1 never executed
    #####: 1045:            if (supplyCount(choice1, state) <= 0) {
call    0 never executed
branch  1 never executed
branch  2 never executed
        -: 1046:                if (DEBUG)
    #####: 1047:                    printf("None of that card left, sorry!\n");
call    0 never executed
        -: 1048:
        -: 1049:                if (DEBUG) {
    #####: 1050:                    printf("Cards Left: %d\n", supplyCount(choice1, state));
call    0 never executed
call    1 never executed
        -: 1051:                }
        -: 1052:            }
    #####: 1053:            else if (state->coins < getCost(choice1)) {
call    0 never executed
branch  1 never executed
branch  2 never executed
    #####: 1054:                printf("That card is too expensive!\n");
call    0 never executed
        -: 1055:
        -: 1056:                if (DEBUG) {
    #####: 1057:                    printf("Coins: %d < %d\n", state->coins, getCost(choice1));
call    0 never executed
call    1 never executed
        -: 1058:                }
        -: 1059:            }
        -: 1060:            else {
        -: 1061:
        -: 1062:                if (DEBUG) {
    #####: 1063:                    printf("Deck Count: %d\n", state->handCount[currentPlayer] + state->deckCount[currentPlayer] + state->discardCount[currentPlayer]);
call    0 never executed
        -: 1064:                }
        -: 1065:
    #####: 1066:                gainCard(choice1, state, 0, currentPlayer);//Gain the card
call    0 never executed
    #####: 1067:                x = 0;//No more buying cards
        -: 1068:
        -: 1069:                if (DEBUG) {
    #####: 1070:                    printf("Deck Count: %d\n", state->handCount[currentPlayer] + state->deckCount[currentPlayer] + state->discardCount[currentPlayer]);
call    0 never executed
        -: 1071:                }
        -: 1072:
        -: 1073:            }
        -: 1074:        }
        -: 1075:
        -: 1076:        //Reset Hand
    #####: 1077:        for (i = 0; i <= state->handCount[currentPlayer]; i++) {
branch  0 never executed
branch  1 never executed
    #####: 1078:            state->hand[currentPlayer][i] = temphand[i];
    #####: 1079:            temphand[i] = -1;
        -: 1080:        }
        -: 1081:        //Reset Hand
        -: 1082:
    #####: 1083:        return 0;
        -: 1084:
    #####: 1085:    case gardens:
    #####: 1086:        return -1;
        -: 1087:
    #####: 1088:    case mine:
        -: 1089:
    #####: 1090:        if (mineRefactor(choice1, choice2, currentPlayer, state, handPos) < 0 )
call    0 never executed
branch  1 never executed
branch  2 never executed
        -: 1091:        {
    #####: 1092:            return -1;
        -: 1093:        }
        -: 1094:        else
        -: 1095:        {
    #####: 1096:            return 0;
        -: 1097:        }
        -: 1098:       
    #####: 1099:    case remodel:
    #####: 1100:        j = state->hand[currentPlayer][choice1];  //store card we will trash
        -: 1101:
    #####: 1102:        if ( (getCost(state->hand[currentPlayer][choice1]) + 2) > getCost(choice2) )
call    0 never executed
call    1 never executed
branch  2 never executed
branch  3 never executed
        -: 1103:        {
    #####: 1104:            return -1;
        -: 1105:        }
        -: 1106:
    #####: 1107:        gainCard(choice2, state, 0, currentPlayer);
call    0 never executed
        -: 1108:
        -: 1109:        //discard card from hand
    #####: 1110:        discardCard(handPos, currentPlayer, state, 0);
call    0 never executed
        -: 1111:
        -: 1112:        //discard trashed card
    #####: 1113:        for (i = 0; i < state->handCount[currentPlayer]; i++)
branch  0 never executed
branch  1 never executed
        -: 1114:        {
    #####: 1115:            if (state->hand[currentPlayer][i] == j)
branch  0 never executed
branch  1 never executed
        -: 1116:            {
    #####: 1117:                discardCard(i, currentPlayer, state, 0);
call    0 never executed
    #####: 1118:                break;
        -: 1119:            }
        -: 1120:        }
        -: 1121:
        -: 1122:
    #####: 1123:        return 0;
        -: 1124:
    #####: 1125:    case smithy:
        -: 1126:        //+3 Cards
    #####: 1127:        for (i = 0; i < 3; i++)
branch  0 never executed
branch  1 never executed
        -: 1128:        {
    #####: 1129:            drawCard(currentPlayer, state);
call    0 never executed
        -: 1130:        }
        -: 1131:
        -: 1132:        //discard card from hand
    #####: 1133:        discardCard(handPos, currentPlayer, state, 0);
call    0 never executed
    #####: 1134:        return 0;
        -: 1135:
    #####: 1136:    case village:
        -: 1137:        //+1 Card
    #####: 1138:        drawCard(currentPlayer, state);
call    0 never executed
        -: 1139:
        -: 1140:        //+2 Actions
    #####: 1141:        state->numActions = state->numActions + 2;
        -: 1142:
        -: 1143:        //discard played card from hand
    #####: 1144:        discardCard(handPos, currentPlayer, state, 0);
call    0 never executed
    #####: 1145:        return 0;
        -: 1146:
    #####: 1147:    case baron:
    #####: 1148:        baronRefactor(choice1, currentPlayer, state);
call    0 never executed
    #####: 1149:        return 0;
        -: 1150:
    #####: 1151:    case great_hall:
        -: 1152:        //+1 Card
    #####: 1153:        drawCard(currentPlayer, state);
call    0 never executed
        -: 1154:
        -: 1155:        //+1 Actions
    #####: 1156:        state->numActions++;
        -: 1157:
        -: 1158:        //discard card from hand
    #####: 1159:        discardCard(handPos, currentPlayer, state, 0);
call    0 never executed
    #####: 1160:        return 0;
        -: 1161:
    #####: 1162:    case minion:
    #####: 1163:        minionRefactor(choice1, choice2, currentPlayer, state, handPos);
call    0 never executed
    #####: 1164:        return 0;
        -: 1165:
    #####: 1166:    case steward:
    #####: 1167:        if (choice1 == 1)
branch  0 never executed
branch  1 never executed
        -: 1168:        {
        -: 1169:            //+2 cards
    #####: 1170:            drawCard(currentPlayer, state);
call    0 never executed
    #####: 1171:            drawCard(currentPlayer, state);
call    0 never executed
        -: 1172:        }
    #####: 1173:        else if (choice1 == 2)
branch  0 never executed
branch  1 never executed
        -: 1174:        {
        -: 1175:            //+2 coins
    #####: 1176:            state->coins = state->coins + 2;
        -: 1177:        }
        -: 1178:        else
        -: 1179:        {
        -: 1180:            //trash 2 cards in hand
    #####: 1181:            discardCard(choice2, currentPlayer, state, 1);
call    0 never executed
    #####: 1182:            discardCard(choice3, currentPlayer, state, 1);
call    0 never executed
        -: 1183:        }
        -: 1184:
        -: 1185:        //discard card from hand
    #####: 1186:        discardCard(handPos, currentPlayer, state, 0);
call    0 never executed
    #####: 1187:        return 0;
        -: 1188:
    #####: 1189:    case tribute:
    #####: 1190:        tributeRefactor(currentPlayer, nextPlayer, tributeRevealedCards, state);
call    0 never executed
    #####: 1191:        return 0;
        -: 1192:
    #####: 1193:    case ambassador:
        -: 1194:        
    #####: 1195:        if (ambassadorRefactor(choice1, choice2, currentPlayer, state, handPos) < 0 )
call    0 never executed
branch  1 never executed
branch  2 never executed
        -: 1196:        {
    #####: 1197:            return -1;
        -: 1198:        }
        -: 1199:        else
        -: 1200:        {
    #####: 1201:            return 0;
        -: 1202:        }
        -: 1203:        
    #####: 1204:    case cutpurse:
        -: 1205:
    #####: 1206:        updateCoins(currentPlayer, state, 2);
call    0 never executed
    #####: 1207:        for (i = 0; i < state->numPlayers; i++)
branch  0 never executed
branch  1 never executed
        -: 1208:        {
    #####: 1209:            if (i != currentPlayer)
branch  0 never executed
branch  1 never executed
        -: 1210:            {
    #####: 1211:                for (j = 0; j < state->handCount[i]; j++)
branch  0 never executed
branch  1 never executed
        -: 1212:                {
    #####: 1213:                    if (state->hand[i][j] == copper)
branch  0 never executed
branch  1 never executed
        -: 1214:                    {
    #####: 1215:                        discardCard(j, i, state, 0);
call    0 never executed
    #####: 1216:                        break;
        -: 1217:                    }
    #####: 1218:                    if (j == state->handCount[i])
branch  0 never executed
branch  1 never executed
        -: 1219:                    {
    #####: 1220:                        for (k = 0; k < state->handCount[i]; k++)
branch  0 never executed
branch  1 never executed
        -: 1221:                        {
        -: 1222:                            if (DEBUG)
    #####: 1223:                                printf("Player %d reveals card number %d\n", i, state->hand[i][k]);
call    0 never executed
        -: 1224:                        }
    #####: 1225:                        break;
        -: 1226:                    }
        -: 1227:                }
        -: 1228:
        -: 1229:            }
        -: 1230:
        -: 1231:        }
        -: 1232:
        -: 1233:        //discard played card from hand
    #####: 1234:        discardCard(handPos, currentPlayer, state, 0);
call    0 never executed
        -: 1235:
    #####: 1236:        return 0;
        -: 1237:
        -: 1238:
    #####: 1239:    case embargo:
        -: 1240:        //+2 Coins
    #####: 1241:        state->coins = state->coins + 2;
        -: 1242:
        -: 1243:        //see if selected pile is in play
    #####: 1244:        if ( state->supplyCount[choice1] == -1 )
branch  0 never executed
branch  1 never executed
        -: 1245:        {
    #####: 1246:            return -1;
        -: 1247:        }
        -: 1248:
        -: 1249:        //add embargo token to selected supply pile
    #####: 1250:        state->embargoTokens[choice1]++;
        -: 1251:
        -: 1252:        //trash card
    #####: 1253:        discardCard(handPos, currentPlayer, state, 1);
call    0 never executed
    #####: 1254:        return 0;
        -: 1255:
    #####: 1256:    case outpost:
        -: 1257:        //set outpost flag
    #####: 1258:        state->outpostPlayed++;
        -: 1259:
        -: 1260:        //discard card
    #####: 1261:        discardCard(handPos, currentPlayer, state, 0);
call    0 never executed
    #####: 1262:        return 0;
        -: 1263:
    #####: 1264:    case salvager:
        -: 1265:        //+1 buy
    #####: 1266:        state->numBuys++;
        -: 1267:
    #####: 1268:        if (choice1)
branch  0 never executed
branch  1 never executed
        -: 1269:        {
        -: 1270:            //gain coins equal to trashed card
    #####: 1271:            state->coins = state->coins + getCost( handCard(choice1, state) );
call    0 never executed
call    1 never executed
        -: 1272:            //trash card
    #####: 1273:            discardCard(choice1, currentPlayer, state, 1);
call    0 never executed
        -: 1274:        }
        -: 1275:
        -: 1276:        //discard card
    #####: 1277:        discardCard(handPos, currentPlayer, state, 0);
call    0 never executed
    #####: 1278:        return 0;
        -: 1279:
    #####: 1280:    case sea_hag:
    #####: 1281:        for (i = 0; i < state->numPlayers; i++) {
branch  0 never executed
branch  1 never executed
    #####: 1282:            if (i != currentPlayer) {
branch  0 never executed
branch  1 never executed
    #####: 1283:                state->discard[i][state->discardCount[i]] = state->deck[i][state->deckCount[i]--];
    #####: 1284:                state->deckCount[i]--;
    #####: 1285:                state->discardCount[i]++;
    #####: 1286:                state->deck[i][state->deckCount[i]--] = curse;//Top card now a curse
        -: 1287:            }
        -: 1288:        }
    #####: 1289:        return 0;
        -: 1290:
    #####: 1291:    case treasure_map:
        -: 1292:        //search hand for another treasure_map
    #####: 1293:        index = -1;
    #####: 1294:        for (i = 0; i < state->handCount[currentPlayer]; i++)
branch  0 never executed
branch  1 never executed
        -: 1295:        {
    #####: 1296:            if (state->hand[currentPlayer][i] == treasure_map && i != handPos)
branch  0 never executed
branch  1 never executed
branch  2 never executed
branch  3 never executed
        -: 1297:            {
    #####: 1298:                index = i;
    #####: 1299:                break;
        -: 1300:            }
        -: 1301:        }
    #####: 1302:        if (index > -1)
branch  0 never executed
branch  1 never executed
        -: 1303:        {
        -: 1304:            //trash both treasure cards
    #####: 1305:            discardCard(handPos, currentPlayer, state, 1);
call    0 never executed
    #####: 1306:            discardCard(index, currentPlayer, state, 1);
call    0 never executed
        -: 1307:
        -: 1308:            //gain 4 Gold cards
    #####: 1309:            for (i = 0; i < 4; i++)
branch  0 never executed
branch  1 never executed
        -: 1310:            {
    #####: 1311:                gainCard(gold, state, 1, currentPlayer);
call    0 never executed
        -: 1312:            }
        -: 1313:
        -: 1314:            //return success
    #####: 1315:            return 1;
        -: 1316:        }
        -: 1317:
        -: 1318:        //no second treasure_map found in hand
    #####: 1319:        return -1;
        -: 1320:    }
        -: 1321:
    #####: 1322:    return -1;
        -: 1323:}
        -: 1324:
function discardCard called 0 returned 0% blocks executed 0%
    #####: 1325:int discardCard(int handPos, int currentPlayer, struct gameState *state, int trashFlag)
        -: 1326:{
        -: 1327:
        -: 1328:    //if card is not trashed, added to Played pile
    #####: 1329:    if (trashFlag < 1)
branch  0 never executed
branch  1 never executed
        -: 1330:    {
        -: 1331:        //add card to played pile
    #####: 1332:        state->playedCards[state->playedCardCount] = state->hand[currentPlayer][handPos];
    #####: 1333:        state->playedCardCount++;
        -: 1334:    }
        -: 1335:
        -: 1336:    //set played card to -1
    #####: 1337:    state->hand[currentPlayer][handPos] = -1;
        -: 1338:
        -: 1339:    //remove card from player's hand
    #####: 1340:    if ( handPos == (state->handCount[currentPlayer] - 1) ) 	//last card in hand array is played
branch  0 never executed
branch  1 never executed
        -: 1341:    {
        -: 1342:        //reduce number of cards in hand
    #####: 1343:        state->handCount[currentPlayer]--;
        -: 1344:    }
    #####: 1345:    else if ( state->handCount[currentPlayer] == 1 ) //only one card in hand
branch  0 never executed
branch  1 never executed
        -: 1346:    {
        -: 1347:        //reduce number of cards in hand
    #####: 1348:        state->handCount[currentPlayer]--;
        -: 1349:    }
        -: 1350:    else
        -: 1351:    {
        -: 1352:        //replace discarded card with last card in hand
    #####: 1353:        state->hand[currentPlayer][handPos] = state->hand[currentPlayer][ (state->handCount[currentPlayer] - 1)];
        -: 1354:        //set last card to -1
    #####: 1355:        state->hand[currentPlayer][state->handCount[currentPlayer] - 1] = -1;
        -: 1356:        //reduce number of cards in hand
    #####: 1357:        state->handCount[currentPlayer]--;
        -: 1358:    }
        -: 1359:
    #####: 1360:    return 0;
        -: 1361:}
        -: 1362:
function gainCard called 0 returned 0% blocks executed 0%
    #####: 1363:int gainCard(int supplyPos, struct gameState *state, int toFlag, int player)
        -: 1364:{
        -: 1365:    //Note: supplyPos is enum of choosen card
        -: 1366:
        -: 1367:    //check if supply pile is empty (0) or card is not used in game (-1)
    #####: 1368:    if ( supplyCount(supplyPos, state) < 1 )
call    0 never executed
branch  1 never executed
branch  2 never executed
        -: 1369:    {
    #####: 1370:        return -1;
        -: 1371:    }
        -: 1372:
        -: 1373:    //added card for [whoseTurn] current player:
        -: 1374:    // toFlag = 0 : add to discard
        -: 1375:    // toFlag = 1 : add to deck
        -: 1376:    // toFlag = 2 : add to hand
        -: 1377:
    #####: 1378:    if (toFlag == 1)
branch  0 never executed
branch  1 never executed
        -: 1379:    {
    #####: 1380:        state->deck[ player ][ state->deckCount[player] ] = supplyPos;
    #####: 1381:        state->deckCount[player]++;
        -: 1382:    }
    #####: 1383:    else if (toFlag == 2)
branch  0 never executed
branch  1 never executed
        -: 1384:    {
    #####: 1385:        state->hand[ player ][ state->handCount[player] ] = supplyPos;
    #####: 1386:        state->handCount[player]++;
        -: 1387:    }
        -: 1388:    else
        -: 1389:    {
    #####: 1390:        state->discard[player][ state->discardCount[player] ] = supplyPos;
    #####: 1391:        state->discardCount[player]++;
        -: 1392:    }
        -: 1393:
        -: 1394:    //decrease number in supply pile
    #####: 1395:    state->supplyCount[supplyPos]--;
        -: 1396:
    #####: 1397:    return 0;
        -: 1398:}
        -: 1399:
function updateCoins called 7 returned 100% blocks executed 82%
        7: 1400:int updateCoins(int player, struct gameState *state, int bonus)
        -: 1401:{
        -: 1402:    int i;
        -: 1403:
        -: 1404:    //reset coin count
        7: 1405:    state->coins = 0;
        -: 1406:
        -: 1407:    //add coins for each Treasure card in player's hand
       42: 1408:    for (i = 0; i < state->handCount[player]; i++)
branch  0 taken 83%
branch  1 taken 17% (fallthrough)
        -: 1409:    {
       35: 1410:        if (state->hand[player][i] == copper)
branch  0 taken 80% (fallthrough)
branch  1 taken 20%
        -: 1411:        {
       28: 1412:            state->coins += 1;
        -: 1413:        }
        7: 1414:        else if (state->hand[player][i] == silver)
branch  0 taken 0% (fallthrough)
branch  1 taken 100%
        -: 1415:        {
    #####: 1416:            state->coins += 2;
        -: 1417:        }
        7: 1418:        else if (state->hand[player][i] == gold)
branch  0 taken 0% (fallthrough)
branch  1 taken 100%
        -: 1419:        {
    #####: 1420:            state->coins += 3;
        -: 1421:        }
        -: 1422:    }
        -: 1423:
        -: 1424:    //add bonus
        7: 1425:    state->coins += bonus;
        -: 1426:
        7: 1427:    return 0;
        -: 1428:}
        -: 1429:
        -: 1430:
        -: 1431://end of dominion.c
        -: 1432:
